
Starting:    C:\Microsemi\Libero_SoC_v12.1\SynplifyPro\bin64\mbin\synbatch.exe
Install:     C:\Microsemi\Libero_SoC_v12.1\SynplifyPro
Hostname:    ELNO-OLBE2
Date:        Tue Aug  6 15:18:26 2019
Version:     N-2018.03M-SP1-1

Arguments:   -product synplify_pro -licensetype synplifypro_actel -batch -log synplify.log top_syn.tcl
ProductType: synplify_pro

License checkout: synplifypro_actel
License: synplifypro_actel node-locked 
Licensed Vendor: actel
License Option: actel_oem

Running in Vendor Mode

auto_infer_blackbox is not supported in current product.
log file: "C:\RISC-V\mi-v\synthesis\top.srr"
Running: synthesis in foreground

Running top_syn|synthesis

Running Flow: compile (Compile) on top_syn|synthesis
# Tue Aug  6 15:18:26 2019

Running Flow: compile_flow (Compile Process) on top_syn|synthesis
# Tue Aug  6 15:18:26 2019

Running: compiler (Compile Input) on top_syn|synthesis
# Tue Aug  6 15:18:26 2019

compiler completed
# Tue Aug  6 15:18:30 2019

Return Code: 0
Run Time:00h:00m:04s

Running: multi_srs_gen (Multi-srs Generator) on top_syn|synthesis
# Tue Aug  6 15:18:30 2019
Up-To-Date: multi_srs_gen. No run necessary
Complete: Compile Process on top_syn|synthesis

Running: premap (Premap) on top_syn|synthesis
# Tue Aug  6 15:18:30 2019

premap completed with warnings
# Tue Aug  6 15:18:35 2019

Return Code: 1
Run Time:00h:00m:05s
Complete: Compile on top_syn|synthesis

Running Flow: map (Map) on top_syn|synthesis
# Tue Aug  6 15:18:35 2019
License granted for 4 parallel jobs

Running: fpga_mapper (Map & Optimize) on top_syn|synthesis
# Tue Aug  6 15:18:35 2019
Copied C:\RISC-V\mi-v\synthesis\synwork\top_m.srm to C:\RISC-V\mi-v\synthesis\top.srm

fpga_mapper completed with warnings
# Tue Aug  6 15:20:04 2019

Return Code: 1
Run Time:00h:01m:29s
Complete: Map on top_syn|synthesis
Complete: Logic Synthesis on top_syn|synthesis
TCL script complete: "top_syn.tcl"
exit status=0
exit status=0
License checkin: synplifypro_actel
