Software Version: 12.600.0.14
Embedded FlashPro5 programmer detected.
programmer 'E2001A6AEY' : FlashPro5
Opened 'C:\RISC-V\mi-v\designer\top\top_fp\top.pro'
The 'open_project' command succeeded.
Warning: Programming is already enabled for device 'M2S025'.
The 'enable_device' command succeeded.
PPD file 'C:/RISC-V/mi-v/designer/top/top.ppd' has been loaded successfully.
DESIGN : top;  CHECKSUM : 6164;  PDB_VERSION : 1.0
The 'set_programming_file' command succeeded.
The 'set_programming_action' command succeeded.
programmer 'E2001A6AEY' : Scan Chain...
programmer 'E2001A6AEY' : Check Chain...
programmer 'E2001A6AEY' : Scan and Check Chain PASSED.
programmer 'E2001A6AEY' : device 'M2S025' : Executing action PROGRAM
programmer 'E2001A6AEY' : device 'M2S025' : Family: Igloo2
programmer 'E2001A6AEY' : device 'M2S025' : Product:      M2GL005
programmer 'E2001A6AEY' : device 'M2S025' : EXPORT ISC_ENABLE_RESULT[32] = 00796744
programmer 'E2001A6AEY' : device 'M2S025' : EXPORT CRCERR[1] = 0
programmer 'E2001A6AEY' : device 'M2S025' : EXPORT EDCERR[1] = 0
programmer 'E2001A6AEY' : device 'M2S025' : Programming FPGA Array...
programmer 'E2001A6AEY' : device 'M2S025' : EXPORT Fabric component digest[256] = b8cd2ea4bad0e838c776da088aaacf60d9bfc7ea2d1cd59ec6a47ff94faaff21
programmer 'E2001A6AEY' : device 'M2S025' : ===================================================================================
programmer 'E2001A6AEY' : device 'M2S025' : EXPORT DSN[128] = f3b1a61c4e4b5aa5f9a667c7202643eb
programmer 'E2001A6AEY' : device 'M2S025' : ===================================================================================
programmer 'E2001A6AEY' : device 'M2S025' : Finished: Tue Aug 06 15:51:56 2019 (Elapsed time 00:00:35)
programmer 'E2001A6AEY' : device 'M2S025' : Executing action PROGRAM PASSED.
programmer 'E2001A6AEY' : Chain programming PASSED.
Chain Programming Finished: Tue Aug 06 15:51:56 2019 (Elapsed time 00:00:35)

                        o - o - o - o - o - o

The 'run_selected_actions' command succeeded.
The 'set_programming_file' command succeeded.
Project saved.
The 'save_project' command succeeded.
Project closed.
Exported log file C:\RISC-V\mi-v\designer\top\top_fp\top.log.
The 'close_project' command succeeded.
The Execute Script command succeeded.
